# JRE version: Java(TM) SE Runtime Environment 18.9 (11.0.12+8) (build 11.0.12+8-LTS-237)
# Java VM: Java HotSpot(TM) 64-Bit Server VM 18.9 (11.0.12+8-LTS-237, mixed mode, tiered, compressed oops, g1 gc, windows-amd64)
Heap:
 garbage-first heap   total 262144K, used 69242K [0x00000000e0000000, 0x0000000100000000)
  region size 1024K, 18 young (18432K), 12 survivors (12288K)
 Metaspace       used 70063K, capacity 72493K, committed 72652K, reserved 317440K
  class space    used 9000K, capacity 9905K, committed 9984K, reserved 253952K
GC Heap History (10 events):
Event: 4.561 GC heap before
{Heap before GC invocations=9 (full 0):
 garbage-first heap   total 262144K, used 121871K [0x00000000e0000000, 0x0000000100000000)
  region size 1024K, 100 young (102400K), 6 survivors (6144K)
 Metaspace       used 43603K, capacity 44618K, committed 44876K, reserved 292864K
  class space    used 5549K, capacity 5920K, committed 6016K, reserved 253952K
}
Event: 4.574 GC heap after
{Heap after GC invocations=10 (full 0):
 garbage-first heap   total 262144K, used 29209K [0x00000000e0000000, 0x0000000100000000)
  region size 1024K, 13 young (13312K), 13 survivors (13312K)
 Metaspace       used 43603K, capacity 44618K, committed 44876K, reserved 292864K
  class space    used 5549K, capacity 5920K, committed 6016K, reserved 253952K
}
Event: 5.735 GC heap before
{Heap before GC invocations=10 (full 0):
 garbage-first heap   total 262144K, used 142873K [0x00000000e0000000, 0x0000000100000000)
  region size 1024K, 124 young (126976K), 13 survivors (13312K)
 Metaspace       used 51150K, capacity 52477K, committed 52684K, reserved 301056K
  class space    used 6662K, capacity 7149K, committed 7168K, reserved 253952K
}
Event: 5.757 GC heap after
{Heap after GC invocations=11 (full 0):
 garbage-first heap   total 262144K, used 34997K [0x00000000e0000000, 0x0000000100000000)
  region size 1024K, 13 young (13312K), 13 survivors (13312K)
 Metaspace       used 51150K, capacity 52477K, committed 52684K, reserved 301056K
  class space    used 6662K, capacity 7149K, committed 7168K, reserved 253952K
}
Event: 7.581 GC heap before
{Heap before GC invocations=11 (full 0):
 garbage-first heap   total 262144K, used 169141K [0x00000000e0000000, 0x0000000100000000)
  region size 1024K, 146 young (149504K), 13 survivors (13312K)
 Metaspace       used 58259K, capacity 60086K, committed 60236K, reserved 307200K
  class space    used 7713K, capacity 8469K, committed 8576K, reserved 253952K
}
Event: 7.608 GC heap after
{Heap after GC invocations=12 (full 0):
 garbage-first heap   total 262144K, used 47819K [0x00000000e0000000, 0x0000000100000000)
  region size 1024K, 20 young (20480K), 20 survivors (20480K)
 Metaspace       used 58259K, capacity 60086K, committed 60236K, reserved 307200K
  class space    used 7713K, capacity 8469K, committed 8576K, reserved 253952K
}
Event: 51.617 GC heap before
{Heap before GC invocations=13 (full 0):
 garbage-first heap   total 262144K, used 182987K [0x00000000e0000000, 0x0000000100000000)
  region size 1024K, 153 young (156672K), 20 survivors (20480K)
 Metaspace       used 68600K, capacity 70952K, committed 71116K, reserved 315392K
  class space    used 8970K, capacity 9860K, committed 9984K, reserved 253952K
}
Event: 51.657 GC heap after
{Heap after GC invocations=14 (full 0):
 garbage-first heap   total 262144K, used 62687K [0x00000000e0000000, 0x0000000100000000)
  region size 1024K, 17 young (17408K), 17 survivors (17408K)
 Metaspace       used 68600K, capacity 70952K, committed 71116K, reserved 315392K
  class space    used 8970K, capacity 9860K, committed 9984K, reserved 253952K
}
Event: 1124.073 GC heap before
{Heap before GC invocations=15 (full 0):
 garbage-first heap   total 262144K, used 188639K [0x00000000e0000000, 0x0000000100000000)
  region size 1024K, 141 young (144384K), 17 survivors (17408K)
 Metaspace       used 69988K, capacity 72479K, committed 72652K, reserved 317440K
  class space    used 8999K, capacity 9903K, committed 9984K, reserved 253952K
}
Event: 1124.091 GC heap after
{Heap after GC invocations=16 (full 0):
 garbage-first heap   total 262144K, used 64122K [0x00000000e0000000, 0x0000000100000000)
  region size 1024K, 12 young (12288K), 12 survivors (12288K)
 Metaspace       used 69988K, capacity 72479K, committed 72652K, reserved 317440K
  class space    used 8999K, capacity 9903K, committed 9984K, reserved 253952K
}

