# JRE version: Java(TM) SE Runtime Environment 18.9 (11.0.12+8) (build 11.0.12+8-LTS-237)
# Java VM: Java HotSpot(TM) 64-Bit Server VM 18.9 (11.0.12+8-LTS-237, mixed mode, tiered, compressed oops, g1 gc, windows-amd64)
Heap:
 garbage-first heap   total 129024K, used 80916K [0x00000000e0000000, 0x0000000100000000)
  region size 1024K, 27 young (27648K), 4 survivors (4096K)
 Metaspace       used 42342K, capacity 43586K, committed 43776K, reserved 1087488K
  class space    used 4852K, capacity 5355K, committed 5376K, reserved 1048576K
GC Heap History (10 events):
Event: 4.599 GC heap before
{Heap before GC invocations=10 (full 0):
 garbage-first heap   total 129024K, used 87039K [0x00000000e0000000, 0x0000000100000000)
  region size 1024K, 57 young (58368K), 6 survivors (6144K)
 Metaspace       used 34101K, capacity 35153K, committed 35456K, reserved 1081344K
  class space    used 3756K, capacity 4156K, committed 4224K, reserved 1048576K
}
Event: 4.609 GC heap after
{Heap after GC invocations=11 (full 0):
 garbage-first heap   total 129024K, used 40443K [0x00000000e0000000, 0x0000000100000000)
  region size 1024K, 6 young (6144K), 6 survivors (6144K)
 Metaspace       used 34101K, capacity 35153K, committed 35456K, reserved 1081344K
  class space    used 3756K, capacity 4156K, committed 4224K, reserved 1048576K
}
Event: 4.704 GC heap before
{Heap before GC invocations=11 (full 0):
 garbage-first heap   total 129024K, used 57851K [0x00000000e0000000, 0x0000000100000000)
  region size 1024K, 24 young (24576K), 6 survivors (6144K)
 Metaspace       used 34780K, capacity 35799K, committed 35840K, reserved 1081344K
  class space    used 3834K, capacity 4222K, committed 4224K, reserved 1048576K
}
Event: 4.711 GC heap after
{Heap after GC invocations=12 (full 0):
 garbage-first heap   total 129024K, used 41481K [0x00000000e0000000, 0x0000000100000000)
  region size 1024K, 2 young (2048K), 2 survivors (2048K)
 Metaspace       used 34780K, capacity 35799K, committed 35840K, reserved 1081344K
  class space    used 3834K, capacity 4222K, committed 4224K, reserved 1048576K
}
Event: 5.033 GC heap before
{Heap before GC invocations=13 (full 0):
 garbage-first heap   total 129024K, used 91657K [0x00000000e0000000, 0x0000000100000000)
  region size 1024K, 51 young (52224K), 2 survivors (2048K)
 Metaspace       used 36869K, capacity 37947K, committed 38144K, reserved 1083392K
  class space    used 4109K, capacity 4511K, committed 4608K, reserved 1048576K
}
Event: 5.041 GC heap after
{Heap after GC invocations=14 (full 0):
 garbage-first heap   total 129024K, used 45880K [0x00000000e0000000, 0x0000000100000000)
  region size 1024K, 6 young (6144K), 6 survivors (6144K)
 Metaspace       used 36869K, capacity 37947K, committed 38144K, reserved 1083392K
  class space    used 4109K, capacity 4511K, committed 4608K, reserved 1048576K
}
Event: 6.022 GC heap before
{Heap before GC invocations=15 (full 0):
 garbage-first heap   total 129024K, used 95032K [0x00000000e0000000, 0x0000000100000000)
  region size 1024K, 54 young (55296K), 6 survivors (6144K)
 Metaspace       used 39483K, capacity 40673K, committed 40832K, reserved 1085440K
  class space    used 4456K, capacity 4937K, committed 4992K, reserved 1048576K
}
Event: 6.032 GC heap after
{Heap after GC invocations=16 (full 0):
 garbage-first heap   total 129024K, used 49665K [0x00000000e0000000, 0x0000000100000000)
  region size 1024K, 4 young (4096K), 4 survivors (4096K)
 Metaspace       used 39483K, capacity 40673K, committed 40832K, reserved 1085440K
  class space    used 4456K, capacity 4937K, committed 4992K, reserved 1048576K
}
Event: 6.326 GC heap before
{Heap before GC invocations=16 (full 0):
 garbage-first heap   total 129024K, used 97793K [0x00000000e0000000, 0x0000000100000000)
  region size 1024K, 51 young (52224K), 4 survivors (4096K)
 Metaspace       used 41385K, capacity 42574K, committed 42880K, reserved 1087488K
  class space    used 4712K, capacity 5188K, committed 5248K, reserved 1048576K
}
Event: 6.333 GC heap after
{Heap after GC invocations=17 (full 0):
 garbage-first heap   total 129024K, used 53268K [0x00000000e0000000, 0x0000000100000000)
  region size 1024K, 4 young (4096K), 4 survivors (4096K)
 Metaspace       used 41385K, capacity 42574K, committed 42880K, reserved 1087488K
  class space    used 4712K, capacity 5188K, committed 5248K, reserved 1048576K
}

