# JRE version: Java(TM) SE Runtime Environment 18.9 (11.0.12+8) (build 11.0.12+8-LTS-237)
# Java VM: Java HotSpot(TM) 64-Bit Server VM 18.9 (11.0.12+8-LTS-237, mixed mode, tiered, compressed oops, g1 gc, windows-amd64)
Heap:
 garbage-first heap   total 129024K, used 90133K [0x00000000e0000000, 0x0000000100000000)
  region size 1024K, 33 young (33792K), 4 survivors (4096K)
 Metaspace       used 44883K, capacity 46116K, committed 46464K, reserved 1089536K
  class space    used 5157K, capacity 5661K, committed 5760K, reserved 1048576K
GC Heap History (10 events):
Event: 7.462 GC heap before
{Heap before GC invocations=11 (full 0):
 garbage-first heap   total 129024K, used 80538K [0x00000000e0000000, 0x0000000100000000)
  region size 1024K, 43 young (44032K), 2 survivors (2048K)
 Metaspace       used 36790K, capacity 37877K, committed 38144K, reserved 1083392K
  class space    used 4095K, capacity 4529K, committed 4608K, reserved 1048576K
}
Event: 7.467 GC heap after
{Heap after GC invocations=12 (full 0):
 garbage-first heap   total 129024K, used 41746K [0x00000000e0000000, 0x0000000100000000)
  region size 1024K, 5 young (5120K), 5 survivors (5120K)
 Metaspace       used 36790K, capacity 37877K, committed 38144K, reserved 1083392K
  class space    used 4095K, capacity 4529K, committed 4608K, reserved 1048576K
}
Event: 7.746 GC heap before
{Heap before GC invocations=12 (full 0):
 garbage-first heap   total 129024K, used 85778K [0x00000000e0000000, 0x0000000100000000)
  region size 1024K, 48 young (49152K), 5 survivors (5120K)
 Metaspace       used 38220K, capacity 39303K, committed 39552K, reserved 1083392K
  class space    used 4271K, capacity 4707K, committed 4736K, reserved 1048576K
}
Event: 7.759 GC heap after
{Heap after GC invocations=13 (full 0):
 garbage-first heap   total 129024K, used 45016K [0x00000000e0000000, 0x0000000100000000)
  region size 1024K, 4 young (4096K), 4 survivors (4096K)
 Metaspace       used 38220K, capacity 39303K, committed 39552K, reserved 1083392K
  class space    used 4271K, capacity 4707K, committed 4736K, reserved 1048576K
}
Event: 8.007 GC heap before
{Heap before GC invocations=13 (full 0):
 garbage-first heap   total 129024K, used 90072K [0x00000000e0000000, 0x0000000100000000)
  region size 1024K, 48 young (49152K), 4 survivors (4096K)
 Metaspace       used 39584K, capacity 40648K, committed 40832K, reserved 1085440K
  class space    used 4458K, capacity 4899K, committed 4992K, reserved 1048576K
}
Event: 8.014 GC heap after
{Heap after GC invocations=14 (full 0):
 garbage-first heap   total 129024K, used 49244K [0x00000000e0000000, 0x0000000100000000)
  region size 1024K, 5 young (5120K), 5 survivors (5120K)
 Metaspace       used 39584K, capacity 40648K, committed 40832K, reserved 1085440K
  class space    used 4458K, capacity 4899K, committed 4992K, reserved 1048576K
}
Event: 9.321 GC heap before
{Heap before GC invocations=14 (full 0):
 garbage-first heap   total 129024K, used 93276K [0x00000000e0000000, 0x0000000100000000)
  region size 1024K, 48 young (49152K), 5 survivors (5120K)
 Metaspace       used 41754K, capacity 42818K, committed 43136K, reserved 1087488K
  class space    used 4724K, capacity 5154K, committed 5248K, reserved 1048576K
}
Event: 9.328 GC heap after
{Heap after GC invocations=15 (full 0):
 garbage-first heap   total 129024K, used 52699K [0x00000000e0000000, 0x0000000100000000)
  region size 1024K, 4 young (4096K), 4 survivors (4096K)
 Metaspace       used 41754K, capacity 42818K, committed 43136K, reserved 1087488K
  class space    used 4724K, capacity 5154K, committed 5248K, reserved 1048576K
}
Event: 9.642 GC heap before
{Heap before GC invocations=15 (full 0):
 garbage-first heap   total 129024K, used 96731K [0x00000000e0000000, 0x0000000100000000)
  region size 1024K, 47 young (48128K), 4 survivors (4096K)
 Metaspace       used 43626K, capacity 44865K, committed 44928K, reserved 1089536K
  class space    used 4983K, capacity 5500K, committed 5504K, reserved 1048576K
}
Event: 9.649 GC heap after
{Heap after GC invocations=16 (full 0):
 garbage-first heap   total 129024K, used 56341K [0x00000000e0000000, 0x0000000100000000)
  region size 1024K, 4 young (4096K), 4 survivors (4096K)
 Metaspace       used 43626K, capacity 44865K, committed 44928K, reserved 1089536K
  class space    used 4983K, capacity 5500K, committed 5504K, reserved 1048576K
}

