# JRE version: Java(TM) SE Runtime Environment 18.9 (11.0.12+8) (build 11.0.12+8-LTS-237)
# Java VM: Java HotSpot(TM) 64-Bit Server VM 18.9 (11.0.12+8-LTS-237, mixed mode, tiered, compressed oops, g1 gc, windows-amd64)
Heap:
 garbage-first heap   total 129024K, used 87035K [0x00000000e0000000, 0x0000000100000000)
  region size 1024K, 30 young (30720K), 4 survivors (4096K)
 Metaspace       used 41939K, capacity 43123K, committed 43264K, reserved 1087488K
  class space    used 4791K, capacity 5263K, committed 5376K, reserved 1048576K
GC Heap History (10 events):
Event: 4.501 GC heap before
{Heap before GC invocations=9 (full 0):
 garbage-first heap   total 129024K, used 87602K [0x00000000e0000000, 0x0000000100000000)
  region size 1024K, 53 young (54272K), 5 survivors (5120K)
 Metaspace       used 34049K, capacity 35119K, committed 35200K, reserved 1081344K
  class space    used 3761K, capacity 4165K, committed 4224K, reserved 1048576K
}
Event: 4.510 GC heap after
{Heap after GC invocations=10 (full 0):
 garbage-first heap   total 129024K, used 43392K [0x00000000e0000000, 0x0000000100000000)
  region size 1024K, 5 young (5120K), 5 survivors (5120K)
 Metaspace       used 34049K, capacity 35119K, committed 35200K, reserved 1081344K
  class space    used 3761K, capacity 4165K, committed 4224K, reserved 1048576K
}
Event: 4.665 GC heap before
{Heap before GC invocations=10 (full 0):
 garbage-first heap   total 129024K, used 65920K [0x00000000e0000000, 0x0000000100000000)
  region size 1024K, 28 young (28672K), 5 survivors (5120K)
 Metaspace       used 34719K, capacity 35701K, committed 35840K, reserved 1081344K
  class space    used 3835K, capacity 4231K, committed 4352K, reserved 1048576K
}
Event: 4.671 GC heap after
{Heap after GC invocations=11 (full 0):
 garbage-first heap   total 129024K, used 44951K [0x00000000e0000000, 0x0000000100000000)
  region size 1024K, 2 young (2048K), 2 survivors (2048K)
 Metaspace       used 34719K, capacity 35701K, committed 35840K, reserved 1081344K
  class space    used 3835K, capacity 4231K, committed 4352K, reserved 1048576K
}
Event: 5.061 GC heap before
{Heap before GC invocations=12 (full 0):
 garbage-first heap   total 129024K, used 90007K [0x00000000e0000000, 0x0000000100000000)
  region size 1024K, 46 young (47104K), 2 survivors (2048K)
 Metaspace       used 36637K, capacity 37692K, committed 37888K, reserved 1083392K
  class space    used 4086K, capacity 4489K, committed 4608K, reserved 1048576K
}
Event: 5.068 GC heap after
{Heap after GC invocations=13 (full 0):
 garbage-first heap   total 129024K, used 48827K [0x00000000e0000000, 0x0000000100000000)
  region size 1024K, 6 young (6144K), 6 survivors (6144K)
 Metaspace       used 36637K, capacity 37692K, committed 37888K, reserved 1083392K
  class space    used 4086K, capacity 4489K, committed 4608K, reserved 1048576K
}
Event: 6.055 GC heap before
{Heap before GC invocations=14 (full 0):
 garbage-first heap   total 129024K, used 93883K [0x00000000e0000000, 0x0000000100000000)
  region size 1024K, 50 young (51200K), 6 survivors (6144K)
 Metaspace       used 39007K, capacity 40171K, committed 40320K, reserved 1085440K
  class space    used 4396K, capacity 4873K, committed 4992K, reserved 1048576K
}
Event: 6.064 GC heap after
{Heap after GC invocations=15 (full 0):
 garbage-first heap   total 129024K, used 52558K [0x00000000e0000000, 0x0000000100000000)
  region size 1024K, 4 young (4096K), 4 survivors (4096K)
 Metaspace       used 39007K, capacity 40171K, committed 40320K, reserved 1085440K
  class space    used 4396K, capacity 4873K, committed 4992K, reserved 1048576K
}
Event: 6.397 GC heap before
{Heap before GC invocations=15 (full 0):
 garbage-first heap   total 129024K, used 96590K [0x00000000e0000000, 0x0000000100000000)
  region size 1024K, 47 young (48128K), 4 survivors (4096K)
 Metaspace       used 40854K, capacity 42064K, committed 42240K, reserved 1087488K
  class space    used 4633K, capacity 5102K, committed 5120K, reserved 1048576K
}
Event: 6.404 GC heap after
{Heap after GC invocations=16 (full 0):
 garbage-first heap   total 129024K, used 56315K [0x00000000e0000000, 0x0000000100000000)
  region size 1024K, 4 young (4096K), 4 survivors (4096K)
 Metaspace       used 40854K, capacity 42064K, committed 42240K, reserved 1087488K
  class space    used 4633K, capacity 5102K, committed 5120K, reserved 1048576K
}

