# JRE version: Java(TM) SE Runtime Environment 18.9 (11.0.12+8) (build 11.0.12+8-LTS-237)
# Java VM: Java HotSpot(TM) 64-Bit Server VM 18.9 (11.0.12+8-LTS-237, mixed mode, tiered, compressed oops, g1 gc, windows-amd64)
Heap:
 garbage-first heap   total 129024K, used 66230K [0x00000000e0000000, 0x0000000100000000)
  region size 1024K, 10 young (10240K), 4 survivors (4096K)
 Metaspace       used 42966K, capacity 44241K, committed 44416K, reserved 1087488K
  class space    used 4928K, capacity 5447K, committed 5504K, reserved 1048576K
GC Heap History (10 events):
Event: 4.234 GC heap before
{Heap before GC invocations=11 (full 0):
 garbage-first heap   total 129024K, used 53711K [0x00000000e0000000, 0x0000000100000000)
  region size 1024K, 19 young (19456K), 5 survivors (5120K)
 Metaspace       used 34680K, capacity 35722K, committed 35840K, reserved 1081344K
  class space    used 3832K, capacity 4260K, committed 4352K, reserved 1048576K
}
Event: 4.241 GC heap after
{Heap after GC invocations=12 (full 0):
 garbage-first heap   total 129024K, used 41920K [0x00000000e0000000, 0x0000000100000000)
  region size 1024K, 2 young (2048K), 2 survivors (2048K)
 Metaspace       used 34680K, capacity 35722K, committed 35840K, reserved 1081344K
  class space    used 3832K, capacity 4260K, committed 4352K, reserved 1048576K
}
Event: 4.568 GC heap before
{Heap before GC invocations=13 (full 0):
 garbage-first heap   total 129024K, used 85952K [0x00000000e0000000, 0x0000000100000000)
  region size 1024K, 45 young (46080K), 2 survivors (2048K)
 Metaspace       used 36620K, capacity 37681K, committed 37888K, reserved 1083392K
  class space    used 4085K, capacity 4486K, committed 4608K, reserved 1048576K
}
Event: 4.574 GC heap after
{Heap after GC invocations=14 (full 0):
 garbage-first heap   total 129024K, used 44890K [0x00000000e0000000, 0x0000000100000000)
  region size 1024K, 5 young (5120K), 5 survivors (5120K)
 Metaspace       used 36620K, capacity 37681K, committed 37888K, reserved 1083392K
  class space    used 4085K, capacity 4486K, committed 4608K, reserved 1048576K
}
Event: 5.578 GC heap before
{Heap before GC invocations=15 (full 0):
 garbage-first heap   total 129024K, used 88922K [0x00000000e0000000, 0x0000000100000000)
  region size 1024K, 48 young (49152K), 5 survivors (5120K)
 Metaspace       used 38853K, capacity 39986K, committed 40192K, reserved 1085440K
  class space    used 4363K, capacity 4790K, committed 4864K, reserved 1048576K
}
Event: 5.586 GC heap after
{Heap after GC invocations=16 (full 0):
 garbage-first heap   total 129024K, used 48529K [0x00000000e0000000, 0x0000000100000000)
  region size 1024K, 4 young (4096K), 4 survivors (4096K)
 Metaspace       used 38853K, capacity 39986K, committed 40192K, reserved 1085440K
  class space    used 4363K, capacity 4790K, committed 4864K, reserved 1048576K
}
Event: 5.925 GC heap before
{Heap before GC invocations=16 (full 0):
 garbage-first heap   total 129024K, used 93585K [0x00000000e0000000, 0x0000000100000000)
  region size 1024K, 48 young (49152K), 4 survivors (4096K)
 Metaspace       used 40783K, capacity 41989K, committed 42240K, reserved 1087488K
  class space    used 4623K, capacity 5099K, committed 5120K, reserved 1048576K
}
Event: 5.931 GC heap after
{Heap after GC invocations=17 (full 0):
 garbage-first heap   total 129024K, used 52572K [0x00000000e0000000, 0x0000000100000000)
  region size 1024K, 4 young (4096K), 4 survivors (4096K)
 Metaspace       used 40783K, capacity 41989K, committed 42240K, reserved 1087488K
  class space    used 4623K, capacity 5099K, committed 5120K, reserved 1048576K
}
Event: 21.820 GC heap before
{Heap before GC invocations=17 (full 0):
 garbage-first heap   total 129024K, used 101724K [0x00000000e0000000, 0x0000000100000000)
  region size 1024K, 47 young (48128K), 4 survivors (4096K)
 Metaspace       used 42637K, capacity 43916K, committed 44160K, reserved 1087488K
  class space    used 4893K, capacity 5401K, committed 5504K, reserved 1048576K
}
Event: 21.827 GC heap after
{Heap after GC invocations=18 (full 0):
 garbage-first heap   total 129024K, used 61110K [0x00000000e0000000, 0x0000000100000000)
  region size 1024K, 4 young (4096K), 4 survivors (4096K)
 Metaspace       used 42637K, capacity 43916K, committed 44160K, reserved 1087488K
  class space    used 4893K, capacity 5401K, committed 5504K, reserved 1048576K
}

